<?xml version="1.0" encoding="utf-8"?><testsuites name="pytest tests"><testsuite name="pytest" errors="0" failures="0" skipped="0" tests="5" time="1.000" timestamp="2026-06-19T16:10:45.590724+00:00" hostname="agent-env-53e75e16-b1ce-4713-a64a-7e6e9733fbca"><testcase classname="backend.tests.test_repair_requests.TestHealth" name="test_root" time="0.251" /><testcase classname="backend.tests.test_repair_requests.TestRepairRequests" name="test_create_repair_request" time="0.124" /><testcase classname="backend.tests.test_repair_requests.TestRepairRequests" name="test_list_repair_requests_contains_created" time="0.133" /><testcase classname="backend.tests.test_repair_requests.TestRepairRequests" name="test_create_with_photos_base64" time="0.157" /><testcase classname="backend.tests.test_repair_requests.TestRepairRequests" name="test_create_missing_required_field_returns_422" time="0.143" /></testsuite></testsuites>